nohup: ignoring input
LeNet(
  (conv1): Conv2d(3, 6, kernel_size=(5, 5), stride=(1, 1))
  (relu): ReLU()
  (maxpool1): MaxPool2d(kernel_size=2, stride=2, padding=0, dilation=1, ceil_mode=False)
  (conv2): Conv2d(6, 16, kernel_size=(5, 5), stride=(1, 1))
  (maxpool2): MaxPool2d(kernel_size=2, stride=2, padding=0, dilation=1, ceil_mode=False)
  (fc1): Linear(in_features=400, out_features=120, bias=True)
  (fc2): Linear(in_features=120, out_features=84, bias=True)
  (fc3): Linear(in_features=84, out_features=10, bias=True)
)
{'model': <class 'model.LeNet.LeNet'>, 'epoch': 5, 'num_class': 10, 'save_path': 'params/lenet.pth', 'input_size': (32, 32), 'batch_size': (36, 1000), 'lr': 0.001}
[1,     1] train_loss: 0.023  test_accuracy: 0.116
[1,   101] train_loss: 2.116  test_accuracy: 0.278
[1,   201] train_loss: 1.868  test_accuracy: 0.345
[1,   301] train_loss: 1.786  test_accuracy: 0.378
[1,   401] train_loss: 1.692  test_accuracy: 0.368
[1,   501] train_loss: 1.648  test_accuracy: 0.424
[1,   601] train_loss: 1.602  test_accuracy: 0.455
[1,   701] train_loss: 1.528  test_accuracy: 0.430
[1,   801] train_loss: 1.518  test_accuracy: 0.464
[1,   901] train_loss: 1.497  test_accuracy: 0.424
[1,  1001] train_loss: 1.520  test_accuracy: 0.478
[1,  1101] train_loss: 1.457  test_accuracy: 0.493
[1,  1201] train_loss: 1.475  test_accuracy: 0.497
[1,  1301] train_loss: 1.422  test_accuracy: 0.487
[2,     1] train_loss: 0.014  test_accuracy: 0.513
[2,   101] train_loss: 1.371  test_accuracy: 0.501
[2,   201] train_loss: 1.371  test_accuracy: 0.485
[2,   301] train_loss: 1.375  test_accuracy: 0.530
[2,   401] train_loss: 1.350  test_accuracy: 0.518
[2,   501] train_loss: 1.339  test_accuracy: 0.531
[2,   601] train_loss: 1.317  test_accuracy: 0.537
[2,   701] train_loss: 1.280  test_accuracy: 0.515
[2,   801] train_loss: 1.280  test_accuracy: 0.545
[2,   901] train_loss: 1.263  test_accuracy: 0.515
[2,  1001] train_loss: 1.323  test_accuracy: 0.542
[2,  1101] train_loss: 1.256  test_accuracy: 0.547
[2,  1201] train_loss: 1.277  test_accuracy: 0.559
[2,  1301] train_loss: 1.264  test_accuracy: 0.548
[3,     1] train_loss: 0.011  test_accuracy: 0.579
[3,   101] train_loss: 1.215  test_accuracy: 0.565
[3,   201] train_loss: 1.211  test_accuracy: 0.544
[3,   301] train_loss: 1.219  test_accuracy: 0.570
[3,   401] train_loss: 1.200  test_accuracy: 0.571
[3,   501] train_loss: 1.201  test_accuracy: 0.570
[3,   601] train_loss: 1.188  test_accuracy: 0.565
[3,   701] train_loss: 1.160  test_accuracy: 0.564
[3,   801] train_loss: 1.175  test_accuracy: 0.554
[3,   901] train_loss: 1.150  test_accuracy: 0.548
[3,  1001] train_loss: 1.210  test_accuracy: 0.578
[3,  1101] train_loss: 1.157  test_accuracy: 0.569
[3,  1201] train_loss: 1.180  test_accuracy: 0.582
[3,  1301] train_loss: 1.169  test_accuracy: 0.586
[4,     1] train_loss: 0.010  test_accuracy: 0.594
[4,   101] train_loss: 1.129  test_accuracy: 0.591
[4,   201] train_loss: 1.125  test_accuracy: 0.589
[4,   301] train_loss: 1.131  test_accuracy: 0.586
[4,   401] train_loss: 1.115  test_accuracy: 0.582
[4,   501] train_loss: 1.118  test_accuracy: 0.578
[4,   601] train_loss: 1.117  test_accuracy: 0.593
[4,   701] train_loss: 1.087  test_accuracy: 0.593
[4,   801] train_loss: 1.102  test_accuracy: 0.587
[4,   901] train_loss: 1.077  test_accuracy: 0.571
[4,  1001] train_loss: 1.133  test_accuracy: 0.600
[4,  1101] train_loss: 1.087  test_accuracy: 0.596
[4,  1201] train_loss: 1.103  test_accuracy: 0.592
[4,  1301] train_loss: 1.098  test_accuracy: 0.597
[5,     1] train_loss: 0.010  test_accuracy: 0.601
[5,   101] train_loss: 1.072  test_accuracy: 0.601
[5,   201] train_loss: 1.061  test_accuracy: 0.593
[5,   301] train_loss: 1.062  test_accuracy: 0.591
[5,   401] train_loss: 1.059  test_accuracy: 0.601
[5,   501] train_loss: 1.054  test_accuracy: 0.596
[5,   601] train_loss: 1.061  test_accuracy: 0.602
[5,   701] train_loss: 1.028  test_accuracy: 0.589
[5,   801] train_loss: 1.048  test_accuracy: 0.607
[5,   901] train_loss: 1.023  test_accuracy: 0.589
[5,  1001] train_loss: 1.067  test_accuracy: 0.622
[5,  1101] train_loss: 1.039  test_accuracy: 0.608
[5,  1201] train_loss: 1.040  test_accuracy: 0.605
[5,  1301] train_loss: 1.046  test_accuracy: 0.614
Finished Training
